CS252: lab1. wang2226 Wed Aug 23 15:52:49 EDT 2017  Total:  5 of 100

CS252: lab1. wang2226 Thu Aug 24 19:28:49 EDT 2017  Total:  5 of 100

CS252: lab1. wang2226 Thu Aug 24 19:31:49 EDT 2017  Total:  5 of 100

CS252: lab1. wang2226 Thu Aug 24 19:35:01 EDT 2017  Total:  5 of 100

CS252: lab1. wang2226 Thu Aug 24 19:54:33 EDT 2017  Total:  5 of 100

CS252: lab1. wang2226 Thu Aug 24 21:48:40 EDT 2017  Total:  5 of 100

CS252: lab1. wang2226 Sat Aug 26 11:17:51 EDT 2017  Total:  30 of 100

CS252: lab1. wang2226 Sat Aug 26 22:05:04 EDT 2017  Total:  5 of 100

CS252: lab1. wang2226 Mon Aug 28 09:52:04 EDT 2017  Total:  30 of 100

CS252: lab1. wang2226 Wed Aug 30 09:48:19 EDT 2017  Total:  10 of 100

CS252: lab1. wang2226 Wed Aug 30 10:01:15 EDT 2017  Total:  10 of 100

CS252: lab1. wang2226 Sat Sep 2 14:06:54 EDT 2017  Total:  40 of 100

CS252: lab1. wang2226 Sat Sep 2 14:20:03 EDT 2017  Total:  45 of 100

CS252: lab1. wang2226 Sat Sep 2 14:20:17 EDT 2017  Total:  45 of 100

CS252: lab1. wang2226 Sat Sep 2 14:21:43 EDT 2017  Total:  95 of 100

CS252: lab1. wang2226 Sat Sep 2 19:46:38 EDT 2017  Total:  95 of 100

CS252: lab1. wang2226 Sat Sep 2 20:44:33 EDT 2017  Total:  95 of 100

CS252: lab1. wang2226 Sat Sep 2 21:17:17 EDT 2017  Total:  95 of 100

CS252: lab1. wang2226 Sat Sep 2 22:09:58 EDT 2017  Total:  100 of 100

CS252: lab1. wang2226 Sat Sep 2 22:11:10 EDT 2017  Total:  100 of 100

CS252: lab1. wang2226 Tue Sep 5 20:48:45 EDT 2017  Total:  100 of 100

CS252: lab1. wang2226 Tue Sep 5 20:48:53 EDT 2017  Total:  100 of 100

CS252: lab1. wang2226 Wed Sep 6 09:27:18 EDT 2017  Total:  80 of 100

CS252: lab1. wang2226 Wed Sep 6 09:28:04 EDT 2017  Total:  100 of 100

CS252: lab1. wang2226 Wed Sep 6 11:18:32 EDT 2017  Total:  100 of 100

