On branch master
Your branch is up-to-date with 'origin/master'.
Untracked files:
	.local.git.out

nothing added to commit but untracked files present
On branch master
Your branch is up-to-date with 'origin/master'.
Untracked files:
	.local.git.out

nothing added to commit but untracked files present
[master f3b3ee1] Commit
 Committer: Haoran Wang <wang2226@cuda.cs.purdue.edu>
Your name and email address were configured automatically based
on your username and hostname. Please check that they are accurate.
You can suppress this message by setting them explicitly. Run the
following command and follow the instructions in your editor to edit
your configuration file:

    git config --global --edit

After doing this, you may fix the identity used for this commit with:

    git commit --amend --reset-author

 2 files changed, 36 insertions(+), 3 deletions(-)
[master 3bc79c3] Commit
 Committer: Haoran Wang <wang2226@cuda.cs.purdue.edu>
Your name and email address were configured automatically based
on your username and hostname. Please check that they are accurate.
You can suppress this message by setting them explicitly. Run the
following command and follow the instructions in your editor to edit
your configuration file:

    git config --global --edit

After doing this, you may fix the identity used for this commit with:

    git commit --amend --reset-author

 1 file changed, 1 insertion(+), 1 deletion(-)
[master 2c4d156] Commit
 Committer: Haoran Wang <wang2226@cuda.cs.purdue.edu>
Your name and email address were configured automatically based
on your username and hostname. Please check that they are accurate.
You can suppress this message by setting them explicitly. Run the
following command and follow the instructions in your editor to edit
your configuration file:

    git config --global --edit

After doing this, you may fix the identity used for this commit with:

    git commit --amend --reset-author

 1 file changed, 1 insertion(+), 1 deletion(-)
[master 359ff71] Commit
 Committer: Haoran Wang <wang2226@cuda.cs.purdue.edu>
Your name and email address were configured automatically based
on your username and hostname. Please check that they are accurate.
You can suppress this message by setting them explicitly. Run the
following command and follow the instructions in your editor to edit
your configuration file:

    git config --global --edit

After doing this, you may fix the identity used for this commit with:

    git commit --amend --reset-author

 1 file changed, 1 insertion(+), 1 deletion(-)
[master c5950ab] Commit
 Committer: Haoran Wang <wang2226@cuda.cs.purdue.edu>
Your name and email address were configured automatically based
on your username and hostname. Please check that they are accurate.
You can suppress this message by setting them explicitly. Run the
following command and follow the instructions in your editor to edit
your configuration file:

    git config --global --edit

After doing this, you may fix the identity used for this commit with:

    git commit --amend --reset-author

 1 file changed, 1 insertion(+), 1 deletion(-)
[master 64b4beb] Commit
 Committer: Haoran Wang <wang2226@cuda.cs.purdue.edu>
Your name and email address were configured automatically based
on your username and hostname. Please check that they are accurate.
You can suppress this message by setting them explicitly. Run the
following command and follow the instructions in your editor to edit
your configuration file:

    git config --global --edit

After doing this, you may fix the identity used for this commit with:

    git commit --amend --reset-author

 1 file changed, 1 insertion(+), 1 deletion(-)
[master 7e3daca] Commit
 Committer: Haoran Wang <wang2226@cuda.cs.purdue.edu>
Your name and email address were configured automatically based
on your username and hostname. Please check that they are accurate.
You can suppress this message by setting them explicitly. Run the
following command and follow the instructions in your editor to edit
your configuration file:

    git config --global --edit

After doing this, you may fix the identity used for this commit with:

    git commit --amend --reset-author

 1 file changed, 1 insertion(+), 1 deletion(-)
[master 1cb02eb] Commit
 Committer: Haoran Wang <wang2226@cuda.cs.purdue.edu>
Your name and email address were configured automatically based
on your username and hostname. Please check that they are accurate.
You can suppress this message by setting them explicitly. Run the
following command and follow the instructions in your editor to edit
your configuration file:

    git config --global --edit

After doing this, you may fix the identity used for this commit with:

    git commit --amend --reset-author

 1 file changed, 2 insertions(+), 2 deletions(-)
[master 0f2fbdd] Commit
 Committer: Haoran Wang <wang2226@cuda.cs.purdue.edu>
Your name and email address were configured automatically based
on your username and hostname. Please check that they are accurate.
You can suppress this message by setting them explicitly. Run the
following command and follow the instructions in your editor to edit
your configuration file:

    git config --global --edit

After doing this, you may fix the identity used for this commit with:

    git commit --amend --reset-author

 1 file changed, 1 insertion(+), 1 deletion(-)
[master 097c53d] Commit
 Committer: Haoran Wang <wang2226@cuda.cs.purdue.edu>
Your name and email address were configured automatically based
on your username and hostname. Please check that they are accurate.
You can suppress this message by setting them explicitly. Run the
following command and follow the instructions in your editor to edit
your configuration file:

    git config --global --edit

After doing this, you may fix the identity used for this commit with:

    git commit --amend --reset-author

 1 file changed, 2 insertions(+), 2 deletions(-)
[master 24b5111] Commit
 Committer: Haoran Wang <wang2226@cuda.cs.purdue.edu>
Your name and email address were configured automatically based
on your username and hostname. Please check that they are accurate.
You can suppress this message by setting them explicitly. Run the
following command and follow the instructions in your editor to edit
your configuration file:

    git config --global --edit

After doing this, you may fix the identity used for this commit with:

    git commit --amend --reset-author

 1 file changed, 2 insertions(+), 2 deletions(-)
[master 417d5e1] Commit
 Committer: Haoran Wang <wang2226@cuda.cs.purdue.edu>
Your name and email address were configured automatically based
on your username and hostname. Please check that they are accurate.
You can suppress this message by setting them explicitly. Run the
following command and follow the instructions in your editor to edit
your configuration file:

    git config --global --edit

After doing this, you may fix the identity used for this commit with:

    git commit --amend --reset-author

 1 file changed, 1 insertion(+), 1 deletion(-)
[master fe32dec] Commit
 Committer: Haoran Wang <wang2226@cuda.cs.purdue.edu>
Your name and email address were configured automatically based
on your username and hostname. Please check that they are accurate.
You can suppress this message by setting them explicitly. Run the
following command and follow the instructions in your editor to edit
your configuration file:

    git config --global --edit

After doing this, you may fix the identity used for this commit with:

    git commit --amend --reset-author

 1 file changed, 1 insertion(+), 1 deletion(-)
[master f4b8d51] Commit
 Committer: Haoran Wang <wang2226@cuda.cs.purdue.edu>
Your name and email address were configured automatically based
on your username and hostname. Please check that they are accurate.
You can suppress this message by setting them explicitly. Run the
following command and follow the instructions in your editor to edit
your configuration file:

    git config --global --edit

After doing this, you may fix the identity used for this commit with:

    git commit --amend --reset-author

 1 file changed, 5 insertions(+), 4 deletions(-)
[master 8fa4cfc] Commit
 Committer: Haoran Wang <wang2226@cuda.cs.purdue.edu>
Your name and email address were configured automatically based
on your username and hostname. Please check that they are accurate.
You can suppress this message by setting them explicitly. Run the
following command and follow the instructions in your editor to edit
your configuration file:

    git config --global --edit

After doing this, you may fix the identity used for this commit with:

    git commit --amend --reset-author

 1 file changed, 2 insertions(+), 2 deletions(-)
[master 61648f3] Commit
 Committer: Haoran Wang <wang2226@cuda.cs.purdue.edu>
Your name and email address were configured automatically based
on your username and hostname. Please check that they are accurate.
You can suppress this message by setting them explicitly. Run the
following command and follow the instructions in your editor to edit
your configuration file:

    git config --global --edit

After doing this, you may fix the identity used for this commit with:

    git commit --amend --reset-author

 1 file changed, 2 insertions(+), 2 deletions(-)
[master 78525f8] Commit
 Committer: Haoran Wang <wang2226@cuda.cs.purdue.edu>
Your name and email address were configured automatically based
on your username and hostname. Please check that they are accurate.
You can suppress this message by setting them explicitly. Run the
following command and follow the instructions in your editor to edit
your configuration file:

    git config --global --edit

After doing this, you may fix the identity used for this commit with:

    git commit --amend --reset-author

 1 file changed, 2 insertions(+), 2 deletions(-)
[master 7d0a1ad] Commit
 Committer: Haoran Wang <wang2226@cuda.cs.purdue.edu>
Your name and email address were configured automatically based
on your username and hostname. Please check that they are accurate.
You can suppress this message by setting them explicitly. Run the
following command and follow the instructions in your editor to edit
your configuration file:

    git config --global --edit

After doing this, you may fix the identity used for this commit with:

    git commit --amend --reset-author

 1 file changed, 1 insertion(+), 1 deletion(-)
[master c454249] Commit
 Committer: Haoran Wang <wang2226@cuda.cs.purdue.edu>
Your name and email address were configured automatically based
on your username and hostname. Please check that they are accurate.
You can suppress this message by setting them explicitly. Run the
following command and follow the instructions in your editor to edit
your configuration file:

    git config --global --edit

After doing this, you may fix the identity used for this commit with:

    git commit --amend --reset-author

 1 file changed, 1 insertion(+), 1 deletion(-)
[master 84902c6] Commit
 Committer: Haoran Wang <wang2226@cuda.cs.purdue.edu>
Your name and email address were configured automatically based
on your username and hostname. Please check that they are accurate.
You can suppress this message by setting them explicitly. Run the
following command and follow the instructions in your editor to edit
your configuration file:

    git config --global --edit

After doing this, you may fix the identity used for this commit with:

    git commit --amend --reset-author

 1 file changed, 1 insertion(+), 1 deletion(-)
[master c07f2b2] Commit
 Committer: Haoran Wang <wang2226@cuda.cs.purdue.edu>
Your name and email address were configured automatically based
on your username and hostname. Please check that they are accurate.
You can suppress this message by setting them explicitly. Run the
following command and follow the instructions in your editor to edit
your configuration file:

    git config --global --edit

After doing this, you may fix the identity used for this commit with:

    git commit --amend --reset-author

 1 file changed, 1 insertion(+), 1 deletion(-)
[master c0f21d3] Commit
 Committer: Haoran Wang <wang2226@cuda.cs.purdue.edu>
Your name and email address were configured automatically based
on your username and hostname. Please check that they are accurate.
You can suppress this message by setting them explicitly. Run the
following command and follow the instructions in your editor to edit
your configuration file:

    git config --global --edit

After doing this, you may fix the identity used for this commit with:

    git commit --amend --reset-author

 1 file changed, 1 insertion(+), 1 deletion(-)
[master 55297cb] Commit
 Committer: Haoran Wang <wang2226@cuda.cs.purdue.edu>
Your name and email address were configured automatically based
on your username and hostname. Please check that they are accurate.
You can suppress this message by setting them explicitly. Run the
following command and follow the instructions in your editor to edit
your configuration file:

    git config --global --edit

After doing this, you may fix the identity used for this commit with:

    git commit --amend --reset-author

 1 file changed, 3 insertions(+), 3 deletions(-)
[master fd1e4eb] Commit
 Committer: Haoran Wang <wang2226@cuda.cs.purdue.edu>
Your name and email address were configured automatically based
on your username and hostname. Please check that they are accurate.
You can suppress this message by setting them explicitly. Run the
following command and follow the instructions in your editor to edit
your configuration file:

    git config --global --edit

After doing this, you may fix the identity used for this commit with:

    git commit --amend --reset-author

 1 file changed, 2 insertions(+), 2 deletions(-)
[master 5289286] Commit
 Committer: Haoran Wang <wang2226@cuda.cs.purdue.edu>
Your name and email address were configured automatically based
on your username and hostname. Please check that they are accurate.
You can suppress this message by setting them explicitly. Run the
following command and follow the instructions in your editor to edit
your configuration file:

    git config --global --edit

After doing this, you may fix the identity used for this commit with:

    git commit --amend --reset-author

 1 file changed, 2 insertions(+), 2 deletions(-)
On branch master
Your branch is up-to-date with 'origin/master'.
Untracked files:
	.MyMalloc.c.swp
	.MyMalloc.h.swp
	.local.git.out
	.local.total.out
	MyMalloc.o
	MyMalloc.so
	test0
	test1
	test1-1
	test1-2
	test1-3
	test1-4
	test10
	test2
	test3
	test4
	test5
	test6
	test7
	test8
	test9

nothing added to commit but untracked files present
On branch master
Your branch is up-to-date with 'origin/master'.
Untracked files:
	.MyMalloc.c.swp
	.MyMalloc.h.swp
	.local.git.out
	.local.total.out
	MyMalloc.o
	MyMalloc.so
	test0
	test1
	test1-1
	test1-2
	test1-3
	test1-4
	test10
	test2
	test3
	test4
	test5
	test6
	test7
	test8
	test9

nothing added to commit but untracked files present
[master 1bcb49f] Commit
 Committer: Haoran Wang <wang2226@cuda.cs.purdue.edu>
Your name and email address were configured automatically based
on your username and hostname. Please check that they are accurate.
You can suppress this message by setting them explicitly. Run the
following command and follow the instructions in your editor to edit
your configuration file:

    git config --global --edit

After doing this, you may fix the identity used for this commit with:

    git commit --amend --reset-author

 1 file changed, 17 insertions(+), 1 deletion(-)
[master 60f34d2] Commit
 Committer: Haoran Wang <wang2226@cuda.cs.purdue.edu>
Your name and email address were configured automatically based
on your username and hostname. Please check that they are accurate.
You can suppress this message by setting them explicitly. Run the
following command and follow the instructions in your editor to edit
your configuration file:

    git config --global --edit

After doing this, you may fix the identity used for this commit with:

    git commit --amend --reset-author

 1 file changed, 2 insertions(+), 2 deletions(-)
On branch master
Your branch is up-to-date with 'origin/master'.
Untracked files:
	.MyMalloc.c.swp
	.MyMalloc.h.swp
	.local.git.out
	.local.total.out
	MyMalloc.o
	MyMalloc.so
	test0
	test1
	test1-1
	test1-2
	test1-3
	test1-4
	test10
	test2
	test3
	test4
	test5
	test6
	test7
	test8
	test9

nothing added to commit but untracked files present
[master 4d9835c] Commit
 Committer: Haoran Wang <wang2226@cuda.cs.purdue.edu>
Your name and email address were configured automatically based
on your username and hostname. Please check that they are accurate.
You can suppress this message by setting them explicitly. Run the
following command and follow the instructions in your editor to edit
your configuration file:

    git config --global --edit

After doing this, you may fix the identity used for this commit with:

    git commit --amend --reset-author

 1 file changed, 11 insertions(+)
[master 35d8037] Commit
 Committer: Haoran Wang <wang2226@cuda.cs.purdue.edu>
Your name and email address were configured automatically based
on your username and hostname. Please check that they are accurate.
You can suppress this message by setting them explicitly. Run the
following command and follow the instructions in your editor to edit
your configuration file:

    git config --global --edit

After doing this, you may fix the identity used for this commit with:

    git commit --amend --reset-author

 1 file changed, 4 insertions(+), 4 deletions(-)
[master 840724c] Commit
 Committer: Haoran Wang <wang2226@cuda.cs.purdue.edu>
Your name and email address were configured automatically based
on your username and hostname. Please check that they are accurate.
You can suppress this message by setting them explicitly. Run the
following command and follow the instructions in your editor to edit
your configuration file:

    git config --global --edit

After doing this, you may fix the identity used for this commit with:

    git commit --amend --reset-author

 1 file changed, 1 insertion(+), 1 deletion(-)
[master 9b16a55] Commit
 Committer: Haoran Wang <wang2226@cuda.cs.purdue.edu>
Your name and email address were configured automatically based
on your username and hostname. Please check that they are accurate.
You can suppress this message by setting them explicitly. Run the
following command and follow the instructions in your editor to edit
your configuration file:

    git config --global --edit

After doing this, you may fix the identity used for this commit with:

    git commit --amend --reset-author

 1 file changed, 1 insertion(+), 1 deletion(-)
[master 3748015] Commit
 Committer: Haoran Wang <wang2226@cuda.cs.purdue.edu>
Your name and email address were configured automatically based
on your username and hostname. Please check that they are accurate.
You can suppress this message by setting them explicitly. Run the
following command and follow the instructions in your editor to edit
your configuration file:

    git config --global --edit

After doing this, you may fix the identity used for this commit with:

    git commit --amend --reset-author

 1 file changed, 1 insertion(+), 1 deletion(-)
On branch master
Your branch is up-to-date with 'origin/master'.
Untracked files:
	.MyMalloc.c.swp
	.MyMalloc.h.swp
	.local.git.out
	.local.total.out
	MyMalloc.o
	MyMalloc.so
	test0
	test1
	test1-1
	test1-2
	test1-3
	test1-4
	test10
	test2
	test3
	test4
	test5
	test6
	test7
	test8
	test9

nothing added to commit but untracked files present
On branch master
Your branch is up-to-date with 'origin/master'.
Untracked files:
	.MyMalloc.c.swp
	.MyMalloc.h.swp
	.local.git.out
	.local.total.out
	MyMalloc.o
	MyMalloc.so
	test0
	test1
	test1-1
	test1-2
	test1-3
	test1-4
	test10
	test2
	test3
	test4
	test5
	test6
	test7
	test8
	test9

nothing added to commit but untracked files present
On branch master
Your branch is up-to-date with 'origin/master'.
Untracked files:
	.MyMalloc.c.swp
	.MyMalloc.h.swp
	.local.git.out
	.local.total.out

nothing added to commit but untracked files present
[master 8b4fc85] Commit
 Committer: Haoran Wang <wang2226@cuda.cs.purdue.edu>
Your name and email address were configured automatically based
on your username and hostname. Please check that they are accurate.
You can suppress this message by setting them explicitly. Run the
following command and follow the instructions in your editor to edit
your configuration file:

    git config --global --edit

After doing this, you may fix the identity used for this commit with:

    git commit --amend --reset-author

 1 file changed, 15 insertions(+)
 create mode 100644 total.txt
[master 184cff6] Commit
 Committer: Haoran Wang <wang2226@cuda.cs.purdue.edu>
Your name and email address were configured automatically based
on your username and hostname. Please check that they are accurate.
You can suppress this message by setting them explicitly. Run the
following command and follow the instructions in your editor to edit
your configuration file:

    git config --global --edit

After doing this, you may fix the identity used for this commit with:

    git commit --amend --reset-author

 1 file changed, 1 insertion(+), 1 deletion(-)
On branch master
Your branch is up-to-date with 'origin/master'.
Untracked files:
	.MyMalloc.c.swp
	.MyMalloc.h.swp
	.local.git.out
	.local.total.out
	MyMalloc.o
	MyMalloc.so
	diff.out
	test0
	test0.org.out
	test0.out
	test1
	test1-1
	test1-1.org.out
	test1-1.out
	test1-2
	test1-2.org.out
	test1-2.out
	test1-3
	test1-3.org.out
	test1-3.out
	test1-4
	test1-4.org.out
	test1-4.out
	test1.org.out
	test1.out
	test10
	test10.org.out
	test10.out
	test2
	test2.org.out
	test2.out
	test3
	test3.org.out
	test3.out
	test4
	test4.org.out
	test4.out
	test5
	test5.org.out
	test5.out
	test6
	test6.org.out
	test6.out
	test7
	test7.org.out
	test7.out
	test8
	test8.org.out
	test8.out
	test9
	test9.org.out
	test9.out
	total.out

nothing added to commit but untracked files present
[master cc0b7a2] Commit
 Committer: Haoran Wang <wang2226@cuda.cs.purdue.edu>
Your name and email address were configured automatically based
on your username and hostname. Please check that they are accurate.
You can suppress this message by setting them explicitly. Run the
following command and follow the instructions in your editor to edit
your configuration file:

    git config --global --edit

After doing this, you may fix the identity used for this commit with:

    git commit --amend --reset-author

 1 file changed, 15 deletions(-)
 delete mode 100644 total.txt
[master e2c94d4] Commit
 Committer: Haoran Wang <wang2226@cuda.cs.purdue.edu>
Your name and email address were configured automatically based
on your username and hostname. Please check that they are accurate.
You can suppress this message by setting them explicitly. Run the
following command and follow the instructions in your editor to edit
your configuration file:

    git config --global --edit

After doing this, you may fix the identity used for this commit with:

    git commit --amend --reset-author

 2 files changed, 17 insertions(+), 2 deletions(-)
 create mode 100644 total.txt
[master 2aae95b] Commit
 Committer: Haoran Wang <wang2226@cuda.cs.purdue.edu>
Your name and email address were configured automatically based
on your username and hostname. Please check that they are accurate.
You can suppress this message by setting them explicitly. Run the
following command and follow the instructions in your editor to edit
your configuration file:

    git config --global --edit

After doing this, you may fix the identity used for this commit with:

    git commit --amend --reset-author

 1 file changed, 2 insertions(+), 2 deletions(-)
[master 49ab96b] Commit
 Committer: Haoran Wang <wang2226@cuda.cs.purdue.edu>
Your name and email address were configured automatically based
on your username and hostname. Please check that they are accurate.
You can suppress this message by setting them explicitly. Run the
following command and follow the instructions in your editor to edit
your configuration file:

    git config --global --edit

After doing this, you may fix the identity used for this commit with:

    git commit --amend --reset-author

 1 file changed, 15 deletions(-)
 delete mode 100644 total.txt
[master 37f8460] Commit
 Committer: Haoran Wang <wang2226@cuda.cs.purdue.edu>
Your name and email address were configured automatically based
on your username and hostname. Please check that they are accurate.
You can suppress this message by setting them explicitly. Run the
following command and follow the instructions in your editor to edit
your configuration file:

    git config --global --edit

After doing this, you may fix the identity used for this commit with:

    git commit --amend --reset-author

 2 files changed, 18 insertions(+), 4 deletions(-)
 create mode 100644 total.txt
[master 1f37ace] Commit
 Committer: Haoran Wang <wang2226@cuda.cs.purdue.edu>
Your name and email address were configured automatically based
on your username and hostname. Please check that they are accurate.
You can suppress this message by setting them explicitly. Run the
following command and follow the instructions in your editor to edit
your configuration file:

    git config --global --edit

After doing this, you may fix the identity used for this commit with:

    git commit --amend --reset-author

 1 file changed, 15 deletions(-)
 delete mode 100644 total.txt
[master a5e6998] Commit
 Committer: Haoran Wang <wang2226@cuda.cs.purdue.edu>
Your name and email address were configured automatically based
on your username and hostname. Please check that they are accurate.
You can suppress this message by setting them explicitly. Run the
following command and follow the instructions in your editor to edit
your configuration file:

    git config --global --edit

After doing this, you may fix the identity used for this commit with:

    git commit --amend --reset-author

 2 files changed, 16 insertions(+), 1 deletion(-)
 create mode 100644 total.txt
[master ba018b7] Commit
 Committer: Haoran Wang <wang2226@cuda.cs.purdue.edu>
Your name and email address were configured automatically based
on your username and hostname. Please check that they are accurate.
You can suppress this message by setting them explicitly. Run the
following command and follow the instructions in your editor to edit
your configuration file:

    git config --global --edit

After doing this, you may fix the identity used for this commit with:

    git commit --amend --reset-author

 1 file changed, 1 insertion(+), 1 deletion(-)
[master a4eb143] Commit
 Committer: Haoran Wang <wang2226@cuda.cs.purdue.edu>
Your name and email address were configured automatically based
on your username and hostname. Please check that they are accurate.
You can suppress this message by setting them explicitly. Run the
following command and follow the instructions in your editor to edit
your configuration file:

    git config --global --edit

After doing this, you may fix the identity used for this commit with:

    git commit --amend --reset-author

 1 file changed, 1 insertion(+), 1 deletion(-)
[master ec319f7] Commit
 Committer: Haoran Wang <wang2226@cuda.cs.purdue.edu>
Your name and email address were configured automatically based
on your username and hostname. Please check that they are accurate.
You can suppress this message by setting them explicitly. Run the
following command and follow the instructions in your editor to edit
your configuration file:

    git config --global --edit

After doing this, you may fix the identity used for this commit with:

    git commit --amend --reset-author

 1 file changed, 1 insertion(+), 1 deletion(-)
[master dbdb424] Commit
 Committer: Haoran Wang <wang2226@cuda.cs.purdue.edu>
Your name and email address were configured automatically based
on your username and hostname. Please check that they are accurate.
You can suppress this message by setting them explicitly. Run the
following command and follow the instructions in your editor to edit
your configuration file:

    git config --global --edit

After doing this, you may fix the identity used for this commit with:

    git commit --amend --reset-author

 1 file changed, 2 insertions(+), 2 deletions(-)
[master a493b16] Commit
 Committer: Haoran Wang <wang2226@cuda.cs.purdue.edu>
Your name and email address were configured automatically based
on your username and hostname. Please check that they are accurate.
You can suppress this message by setting them explicitly. Run the
following command and follow the instructions in your editor to edit
your configuration file:

    git config --global --edit

After doing this, you may fix the identity used for this commit with:

    git commit --amend --reset-author

 1 file changed, 71 insertions(+), 2 deletions(-)
[master ed1801e] Commit
 Committer: Haoran Wang <wang2226@cuda.cs.purdue.edu>
Your name and email address were configured automatically based
on your username and hostname. Please check that they are accurate.
You can suppress this message by setting them explicitly. Run the
following command and follow the instructions in your editor to edit
your configuration file:

    git config --global --edit

After doing this, you may fix the identity used for this commit with:

    git commit --amend --reset-author

 1 file changed, 1 insertion(+), 1 deletion(-)
[master bffc823] Commit
 Committer: Haoran Wang <wang2226@cuda.cs.purdue.edu>
Your name and email address were configured automatically based
on your username and hostname. Please check that they are accurate.
You can suppress this message by setting them explicitly. Run the
following command and follow the instructions in your editor to edit
your configuration file:

    git config --global --edit

After doing this, you may fix the identity used for this commit with:

    git commit --amend --reset-author

 1 file changed, 1 insertion(+), 1 deletion(-)
[master 2be2f48] Commit
 Committer: Haoran Wang <wang2226@cuda.cs.purdue.edu>
Your name and email address were configured automatically based
on your username and hostname. Please check that they are accurate.
You can suppress this message by setting them explicitly. Run the
following command and follow the instructions in your editor to edit
your configuration file:

    git config --global --edit

After doing this, you may fix the identity used for this commit with:

    git commit --amend --reset-author

 1 file changed, 1 insertion(+), 1 deletion(-)
[master 8a64650] Commit
 Committer: Haoran Wang <wang2226@cuda.cs.purdue.edu>
Your name and email address were configured automatically based
on your username and hostname. Please check that they are accurate.
You can suppress this message by setting them explicitly. Run the
following command and follow the instructions in your editor to edit
your configuration file:

    git config --global --edit

After doing this, you may fix the identity used for this commit with:

    git commit --amend --reset-author

 1 file changed, 5 insertions(+), 5 deletions(-)
[master a84c50a] Commit
 Committer: Haoran Wang <wang2226@cuda.cs.purdue.edu>
Your name and email address were configured automatically based
on your username and hostname. Please check that they are accurate.
You can suppress this message by setting them explicitly. Run the
following command and follow the instructions in your editor to edit
your configuration file:

    git config --global --edit

After doing this, you may fix the identity used for this commit with:

    git commit --amend --reset-author

 1 file changed, 5 insertions(+), 5 deletions(-)
[master 36eea4c] Commit
 Committer: Haoran Wang <wang2226@cuda.cs.purdue.edu>
Your name and email address were configured automatically based
on your username and hostname. Please check that they are accurate.
You can suppress this message by setting them explicitly. Run the
following command and follow the instructions in your editor to edit
your configuration file:

    git config --global --edit

After doing this, you may fix the identity used for this commit with:

    git commit --amend --reset-author

 1 file changed, 2 insertions(+), 2 deletions(-)
On branch master
Your branch is up-to-date with 'origin/master'.
Untracked files:
	.MyMalloc.c.swp
	.MyMalloc.h.swp
	.local.git.out
	.local.total.out
	MyMalloc.o
	MyMalloc.so
	debugging_log/
	diff.out
	test0
	test0.org.out
	test0.out
	test1
	test1-1
	test1-1.org.out
	test1-1.out
	test1-2
	test1-2.org.out
	test1-2.out
	test1-3
	test1-3.org.out
	test1-3.out
	test1-4
	test1-4.org.out
	test1-4.out
	test1.org.out
	test1.out
	test10
	test10.org.out
	test10.out
	test2
	test2.org.out
	test2.out
	test3
	test3.org.out
	test3.out
	test4
	test4.org.out
	test4.out
	test5
	test5.org.out
	test5.out
	test6
	test6.org.out
	test6.out
	test7
	test7.org.out
	test7.out
	test8
	test8.org.out
	test8.out
	test9
	test9.org.out
	test9.out
	total.out

nothing added to commit but untracked files present
[master 5a0f169] Commit
 Committer: Haoran Wang <wang2226@cuda.cs.purdue.edu>
Your name and email address were configured automatically based
on your username and hostname. Please check that they are accurate.
You can suppress this message by setting them explicitly. Run the
following command and follow the instructions in your editor to edit
your configuration file:

    git config --global --edit

After doing this, you may fix the identity used for this commit with:

    git commit --amend --reset-author

 1 file changed, 15 deletions(-)
 delete mode 100644 total.txt
[master 7c68a89] Commit
 Committer: Haoran Wang <wang2226@data.cs.purdue.edu>
Your name and email address were configured automatically based
on your username and hostname. Please check that they are accurate.
You can suppress this message by setting them explicitly. Run the
following command and follow the instructions in your editor to edit
your configuration file:

    git config --global --edit

After doing this, you may fix the identity used for this commit with:

    git commit --amend --reset-author

 2 files changed, 20 insertions(+)
 create mode 100644 total.txt
[master 5ffdf1b] Commit
 Committer: Haoran Wang <wang2226@data.cs.purdue.edu>
Your name and email address were configured automatically based
on your username and hostname. Please check that they are accurate.
You can suppress this message by setting them explicitly. Run the
following command and follow the instructions in your editor to edit
your configuration file:

    git config --global --edit

After doing this, you may fix the identity used for this commit with:

    git commit --amend --reset-author

 1 file changed, 1 insertion(+), 1 deletion(-)
On branch master
Your branch is up-to-date with 'origin/master'.
Untracked files:
	.MyMalloc.c.swp
	.local.git.out
	.local.total.out
	MyMalloc.o
	MyMalloc.so
	debugging_log/
	diff.out
	test0
	test0.org.out
	test0.out
	test1
	test1-1
	test1-1.org.out
	test1-1.out
	test1-2
	test1-2.org.out
	test1-2.out
	test1-3
	test1-3.org.out
	test1-3.out
	test1-4
	test1-4.org.out
	test1-4.out
	test1.org.out
	test1.out
	test10
	test10.org.out
	test10.out
	test2
	test2.org.out
	test2.out
	test3
	test3.org.out
	test3.out
	test4
	test4.org.out
	test4.out
	test5
	test5.org.out
	test5.out
	test6
	test6.org.out
	test6.out
	test7
	test7.org.out
	test7.out
	test8
	test8.org.out
	test8.out
	test9
	test9.org.out
	test9.out
	total.out

nothing added to commit but untracked files present
[master 638c219] Commit
 Committer: Haoran Wang <wang2226@data.cs.purdue.edu>
Your name and email address were configured automatically based
on your username and hostname. Please check that they are accurate.
You can suppress this message by setting them explicitly. Run the
following command and follow the instructions in your editor to edit
your configuration file:

    git config --global --edit

After doing this, you may fix the identity used for this commit with:

    git commit --amend --reset-author

 1 file changed, 3 insertions(+), 2 deletions(-)
[master bbc51fd] Commit
 Committer: Haoran Wang <wang2226@data.cs.purdue.edu>
Your name and email address were configured automatically based
on your username and hostname. Please check that they are accurate.
You can suppress this message by setting them explicitly. Run the
following command and follow the instructions in your editor to edit
your configuration file:

    git config --global --edit

After doing this, you may fix the identity used for this commit with:

    git commit --amend --reset-author

 1 file changed, 8 insertions(+), 7 deletions(-)
[master 0c699b2] Commit
 Committer: Haoran Wang <wang2226@data.cs.purdue.edu>
Your name and email address were configured automatically based
on your username and hostname. Please check that they are accurate.
You can suppress this message by setting them explicitly. Run the
following command and follow the instructions in your editor to edit
your configuration file:

    git config --global --edit

After doing this, you may fix the identity used for this commit with:

    git commit --amend --reset-author

 1 file changed, 11 insertions(+), 7 deletions(-)
[master 90e6116] Commit
 Committer: Haoran Wang <wang2226@data.cs.purdue.edu>
Your name and email address were configured automatically based
on your username and hostname. Please check that they are accurate.
You can suppress this message by setting them explicitly. Run the
following command and follow the instructions in your editor to edit
your configuration file:

    git config --global --edit

After doing this, you may fix the identity used for this commit with:

    git commit --amend --reset-author

 1 file changed, 48 insertions(+), 35 deletions(-)
[master 93b056a] Commit
 Committer: Haoran Wang <wang2226@data.cs.purdue.edu>
Your name and email address were configured automatically based
on your username and hostname. Please check that they are accurate.
You can suppress this message by setting them explicitly. Run the
following command and follow the instructions in your editor to edit
your configuration file:

    git config --global --edit

After doing this, you may fix the identity used for this commit with:

    git commit --amend --reset-author

 1 file changed, 1 insertion(+), 1 deletion(-)
[master 46514bc] Commit
 Committer: Haoran Wang <wang2226@data.cs.purdue.edu>
Your name and email address were configured automatically based
on your username and hostname. Please check that they are accurate.
You can suppress this message by setting them explicitly. Run the
following command and follow the instructions in your editor to edit
your configuration file:

    git config --global --edit

After doing this, you may fix the identity used for this commit with:

    git commit --amend --reset-author

 1 file changed, 2 insertions(+), 2 deletions(-)
On branch master
Your branch is up-to-date with 'origin/master'.
Untracked files:
	.MyMalloc.c.swp
	.MyMalloc.h.swp
	.local.git.out
	.local.total.out
	MyMalloc.o
	MyMalloc.so
	debugging_log/
	diff.out
	test0
	test0.org.out
	test0.out
	test1
	test1-1
	test1-1.org.out
	test1-1.out
	test1-2
	test1-2.org.out
	test1-2.out
	test1-3
	test1-3.org.out
	test1-3.out
	test1-4
	test1-4.org.out
	test1-4.out
	test1.org.out
	test1.out
	test10
	test10.org.out
	test10.out
	test2
	test2.org.out
	test2.out
	test3
	test3.org.out
	test3.out
	test4
	test4.org.out
	test4.out
	test5
	test5.org.out
	test5.out
	test6
	test6.org.out
	test6.out
	test7
	test7.org.out
	test7.out
	test8
	test8.org.out
	test8.out
	test9
	test9.org.out
	test9.out
	total.out

nothing added to commit but untracked files present
[master b8ec262] Commit
 Committer: Haoran Wang <wang2226@data.cs.purdue.edu>
Your name and email address were configured automatically based
on your username and hostname. Please check that they are accurate.
You can suppress this message by setting them explicitly. Run the
following command and follow the instructions in your editor to edit
your configuration file:

    git config --global --edit

After doing this, you may fix the identity used for this commit with:

    git commit --amend --reset-author

 1 file changed, 2 insertions(+), 2 deletions(-)
[master 243dd34] Commit
 Committer: Haoran Wang <wang2226@data.cs.purdue.edu>
Your name and email address were configured automatically based
on your username and hostname. Please check that they are accurate.
You can suppress this message by setting them explicitly. Run the
following command and follow the instructions in your editor to edit
your configuration file:

    git config --global --edit

After doing this, you may fix the identity used for this commit with:

    git commit --amend --reset-author

 1 file changed, 1 insertion(+), 1 deletion(-)
[master e3f90b3] Commit
 Committer: Haoran Wang <wang2226@data.cs.purdue.edu>
Your name and email address were configured automatically based
on your username and hostname. Please check that they are accurate.
You can suppress this message by setting them explicitly. Run the
following command and follow the instructions in your editor to edit
your configuration file:

    git config --global --edit

After doing this, you may fix the identity used for this commit with:

    git commit --amend --reset-author

 1 file changed, 1 insertion(+), 1 deletion(-)
[master 0727d0b] Commit
 Committer: Haoran Wang <wang2226@data.cs.purdue.edu>
Your name and email address were configured automatically based
on your username and hostname. Please check that they are accurate.
You can suppress this message by setting them explicitly. Run the
following command and follow the instructions in your editor to edit
your configuration file:

    git config --global --edit

After doing this, you may fix the identity used for this commit with:

    git commit --amend --reset-author

 1 file changed, 2 insertions(+), 2 deletions(-)
[master 898153e] Commit
 Committer: Haoran Wang <wang2226@data.cs.purdue.edu>
Your name and email address were configured automatically based
on your username and hostname. Please check that they are accurate.
You can suppress this message by setting them explicitly. Run the
following command and follow the instructions in your editor to edit
your configuration file:

    git config --global --edit

After doing this, you may fix the identity used for this commit with:

    git commit --amend --reset-author

 1 file changed, 15 deletions(-)
 delete mode 100644 total.txt
[master 63dc2de] Commit
 Committer: Haoran Wang <wang2226@data.cs.purdue.edu>
Your name and email address were configured automatically based
on your username and hostname. Please check that they are accurate.
You can suppress this message by setting them explicitly. Run the
following command and follow the instructions in your editor to edit
your configuration file:

    git config --global --edit

After doing this, you may fix the identity used for this commit with:

    git commit --amend --reset-author

 2 files changed, 19 insertions(+), 4 deletions(-)
 create mode 100644 total.txt
[master 6748629] Commit
 Committer: Haoran Wang <wang2226@data.cs.purdue.edu>
Your name and email address were configured automatically based
on your username and hostname. Please check that they are accurate.
You can suppress this message by setting them explicitly. Run the
following command and follow the instructions in your editor to edit
your configuration file:

    git config --global --edit

After doing this, you may fix the identity used for this commit with:

    git commit --amend --reset-author

 1 file changed, 3 insertions(+), 3 deletions(-)
On branch master
Your branch is up-to-date with 'origin/master'.
Untracked files:
	.MyMalloc.c.swp
	.MyMalloc.h.swp
	.local.git.out
	.local.total.out
	MyMalloc.o
	MyMalloc.so
	debugging_log/
	diff.out
	test0
	test0.org.out
	test0.out
	test1
	test1-1
	test1-1.org.out
	test1-1.out
	test1-2
	test1-2.org.out
	test1-2.out
	test1-3
	test1-3.org.out
	test1-3.out
	test1-4
	test1-4.org.out
	test1-4.out
	test1.org.out
	test1.out
	test10
	test10.org.out
	test10.out
	test2
	test2.org.out
	test2.out
	test3
	test3.org.out
	test3.out
	test4
	test4.org.out
	test4.out
	test5
	test5.org.out
	test5.out
	test6
	test6.org.out
	test6.out
	test7
	test7.org.out
	test7.out
	test8
	test8.org.out
	test8.out
	test9
	test9.org.out
	test9.out
	total.out

nothing added to commit but untracked files present
On branch master
Your branch is up-to-date with 'origin/master'.
Untracked files:
	.MyMalloc.c.swp
	.MyMalloc.h.swp
	.local.git.out
	.local.total.out
	MyMalloc.o
	MyMalloc.so
	debugging_log/
	diff.out
	test0
	test0.org.out
	test0.out
	test1
	test1-1
	test1-1.org.out
	test1-1.out
	test1-2
	test1-2.org.out
	test1-2.out
	test1-3
	test1-3.org.out
	test1-3.out
	test1-4
	test1-4.org.out
	test1-4.out
	test1.org.out
	test1.out
	test10
	test10.org.out
	test10.out
	test2
	test2.org.out
	test2.out
	test3
	test3.org.out
	test3.out
	test4
	test4.org.out
	test4.out
	test5
	test5.org.out
	test5.out
	test6
	test6.org.out
	test6.out
	test7
	test7.org.out
	test7.out
	test8
	test8.org.out
	test8.out
	test9
	test9.org.out
	test9.out
	total.out

nothing added to commit but untracked files present
[master 96ec075] Commit
 Committer: Haoran Wang <wang2226@data.cs.purdue.edu>
Your name and email address were configured automatically based
on your username and hostname. Please check that they are accurate.
You can suppress this message by setting them explicitly. Run the
following command and follow the instructions in your editor to edit
your configuration file:

    git config --global --edit

After doing this, you may fix the identity used for this commit with:

    git commit --amend --reset-author

 1 file changed, 1 deletion(-)
[master 4269053] Commit
 Committer: Haoran Wang <wang2226@data.cs.purdue.edu>
Your name and email address were configured automatically based
on your username and hostname. Please check that they are accurate.
You can suppress this message by setting them explicitly. Run the
following command and follow the instructions in your editor to edit
your configuration file:

    git config --global --edit

After doing this, you may fix the identity used for this commit with:

    git commit --amend --reset-author

 1 file changed, 15 deletions(-)
 delete mode 100644 total.txt
[master a2284ac] Commit
 Committer: Haoran Wang <wang2226@data.cs.purdue.edu>
Your name and email address were configured automatically based
on your username and hostname. Please check that they are accurate.
You can suppress this message by setting them explicitly. Run the
following command and follow the instructions in your editor to edit
your configuration file:

    git config --global --edit

After doing this, you may fix the identity used for this commit with:

    git commit --amend --reset-author

 1 file changed, 1 insertion(+), 1 deletion(-)
[master 727d89f] Commit
 Committer: Haoran Wang <wang2226@data.cs.purdue.edu>
Your name and email address were configured automatically based
on your username and hostname. Please check that they are accurate.
You can suppress this message by setting them explicitly. Run the
following command and follow the instructions in your editor to edit
your configuration file:

    git config --global --edit

After doing this, you may fix the identity used for this commit with:

    git commit --amend --reset-author

 1 file changed, 1 insertion(+), 1 deletion(-)
[master f835c6b] Commit
 Committer: Haoran Wang <wang2226@data.cs.purdue.edu>
Your name and email address were configured automatically based
on your username and hostname. Please check that they are accurate.
You can suppress this message by setting them explicitly. Run the
following command and follow the instructions in your editor to edit
your configuration file:

    git config --global --edit

After doing this, you may fix the identity used for this commit with:

    git commit --amend --reset-author

 1 file changed, 1 insertion(+), 1 deletion(-)
[master d4b2bd3] Commit
 Committer: Haoran Wang <wang2226@data.cs.purdue.edu>
Your name and email address were configured automatically based
on your username and hostname. Please check that they are accurate.
You can suppress this message by setting them explicitly. Run the
following command and follow the instructions in your editor to edit
your configuration file:

    git config --global --edit

After doing this, you may fix the identity used for this commit with:

    git commit --amend --reset-author

 1 file changed, 2 insertions(+), 2 deletions(-)
[master c048e31] Commit
 Committer: Haoran Wang <wang2226@data.cs.purdue.edu>
Your name and email address were configured automatically based
on your username and hostname. Please check that they are accurate.
You can suppress this message by setting them explicitly. Run the
following command and follow the instructions in your editor to edit
your configuration file:

    git config --global --edit

After doing this, you may fix the identity used for this commit with:

    git commit --amend --reset-author

 1 file changed, 2 insertions(+)
[master e1cd084] Commit
 Committer: Haoran Wang <wang2226@data.cs.purdue.edu>
Your name and email address were configured automatically based
on your username and hostname. Please check that they are accurate.
You can suppress this message by setting them explicitly. Run the
following command and follow the instructions in your editor to edit
your configuration file:

    git config --global --edit

After doing this, you may fix the identity used for this commit with:

    git commit --amend --reset-author

 1 file changed, 1 insertion(+), 1 deletion(-)
[master a479b65] Commit
 Committer: Haoran Wang <wang2226@data.cs.purdue.edu>
Your name and email address were configured automatically based
on your username and hostname. Please check that they are accurate.
You can suppress this message by setting them explicitly. Run the
following command and follow the instructions in your editor to edit
your configuration file:

    git config --global --edit

After doing this, you may fix the identity used for this commit with:

    git commit --amend --reset-author

 1 file changed, 1 insertion(+), 1 deletion(-)
[master 699b781] Commit
 Committer: Haoran Wang <wang2226@data.cs.purdue.edu>
Your name and email address were configured automatically based
on your username and hostname. Please check that they are accurate.
You can suppress this message by setting them explicitly. Run the
following command and follow the instructions in your editor to edit
your configuration file:

    git config --global --edit

After doing this, you may fix the identity used for this commit with:

    git commit --amend --reset-author

 1 file changed, 2 deletions(-)
[master 026a100] Commit
 Committer: Haoran Wang <wang2226@data.cs.purdue.edu>
Your name and email address were configured automatically based
on your username and hostname. Please check that they are accurate.
You can suppress this message by setting them explicitly. Run the
following command and follow the instructions in your editor to edit
your configuration file:

    git config --global --edit

After doing this, you may fix the identity used for this commit with:

    git commit --amend --reset-author

 1 file changed, 1 insertion(+)
[master 16fec56] Commit
 Committer: Haoran Wang <wang2226@data.cs.purdue.edu>
Your name and email address were configured automatically based
on your username and hostname. Please check that they are accurate.
You can suppress this message by setting them explicitly. Run the
following command and follow the instructions in your editor to edit
your configuration file:

    git config --global --edit

After doing this, you may fix the identity used for this commit with:

    git commit --amend --reset-author

 1 file changed, 1 insertion(+), 1 deletion(-)
[master b2d07c5] Commit
 Committer: Haoran Wang <wang2226@data.cs.purdue.edu>
Your name and email address were configured automatically based
on your username and hostname. Please check that they are accurate.
You can suppress this message by setting them explicitly. Run the
following command and follow the instructions in your editor to edit
your configuration file:

    git config --global --edit

After doing this, you may fix the identity used for this commit with:

    git commit --amend --reset-author

 1 file changed, 2 insertions(+), 2 deletions(-)
On branch master
Your branch is up-to-date with 'origin/master'.
Untracked files:
	.MyMalloc.c.swp
	.MyMalloc.h.swp
	.local.git.out
	.local.total.out
	.test1.c.swp
	debugging_log/

nothing added to commit but untracked files present
[master 732788b] Commit
 Committer: Haoran Wang <wang2226@data.cs.purdue.edu>
Your name and email address were configured automatically based
on your username and hostname. Please check that they are accurate.
You can suppress this message by setting them explicitly. Run the
following command and follow the instructions in your editor to edit
your configuration file:

    git config --global --edit

After doing this, you may fix the identity used for this commit with:

    git commit --amend --reset-author

 2 files changed, 18 insertions(+), 2 deletions(-)
 create mode 100644 total.txt
[master 02e46d2] Commit
 Committer: Haoran Wang <wang2226@data.cs.purdue.edu>
Your name and email address were configured automatically based
on your username and hostname. Please check that they are accurate.
You can suppress this message by setting them explicitly. Run the
following command and follow the instructions in your editor to edit
your configuration file:

    git config --global --edit

After doing this, you may fix the identity used for this commit with:

    git commit --amend --reset-author

 2 files changed, 44115 insertions(+), 1 deletion(-)
 create mode 100644 look.txt
[master c1812e9] Commit
 Committer: Haoran Wang <wang2226@data.cs.purdue.edu>
Your name and email address were configured automatically based
on your username and hostname. Please check that they are accurate.
You can suppress this message by setting them explicitly. Run the
following command and follow the instructions in your editor to edit
your configuration file:

    git config --global --edit

After doing this, you may fix the identity used for this commit with:

    git commit --amend --reset-author

 2 files changed, 1016 insertions(+), 1017 deletions(-)
[master 5dd6562] Commit
 Committer: Haoran Wang <wang2226@data.cs.purdue.edu>
Your name and email address were configured automatically based
on your username and hostname. Please check that they are accurate.
You can suppress this message by setting them explicitly. Run the
following command and follow the instructions in your editor to edit
your configuration file:

    git config --global --edit

After doing this, you may fix the identity used for this commit with:

    git commit --amend --reset-author

 2 files changed, 44115 insertions(+), 44115 deletions(-)
 rewrite look.txt (99%)
[master e38638c] Commit
 Committer: Haoran Wang <wang2226@data.cs.purdue.edu>
Your name and email address were configured automatically based
on your username and hostname. Please check that they are accurate.
You can suppress this message by setting them explicitly. Run the
following command and follow the instructions in your editor to edit
your configuration file:

    git config --global --edit

After doing this, you may fix the identity used for this commit with:

    git commit --amend --reset-author

 1 file changed, 44113 deletions(-)
 rewrite look.txt (100%)
On branch master
Your branch is up-to-date with 'origin/master'.
Untracked files:
	.MyMalloc.c.swp
	.MyMalloc.h.swp
	.local.git.out
	.local.total.out
	.test1.c.swp
	MyMalloc.o
	MyMalloc.so
	debugging_log/
	diff.out
	test0
	test0.org.out
	test0.out
	test1
	test1-1
	test1-1.org.out
	test1-1.out
	test1-2
	test1-2.org.out
	test1-2.out
	test1-3
	test1-3.org.out
	test1-3.out
	test1-4
	test1-4.org.out
	test1-4.out
	test1.org.out
	test1.out
	test10
	test10.org.out
	test10.out
	test2
	test2.org.out
	test2.out
	test3
	test3.org.out
	test3.out
	test4
	test4.org.out
	test4.out
	test5
	test5.org.out
	test5.out
	test6
	test6.org.out
	test6.out
	test7
	test7.org.out
	test7.out
	test8
	test8.org.out
	test8.out
	test9
	test9.org.out
	test9.out
	total.out

nothing added to commit but untracked files present
[master 1ad353b] Commit
 Committer: Haoran Wang <wang2226@data.cs.purdue.edu>
Your name and email address were configured automatically based
on your username and hostname. Please check that they are accurate.
You can suppress this message by setting them explicitly. Run the
following command and follow the instructions in your editor to edit
your configuration file:

    git config --global --edit

After doing this, you may fix the identity used for this commit with:

    git commit --amend --reset-author

 1 file changed, 2 insertions(+), 2 deletions(-)
[master 286b00c] Commit
 Committer: Haoran Wang <wang2226@data.cs.purdue.edu>
Your name and email address were configured automatically based
on your username and hostname. Please check that they are accurate.
You can suppress this message by setting them explicitly. Run the
following command and follow the instructions in your editor to edit
your configuration file:

    git config --global --edit

After doing this, you may fix the identity used for this commit with:

    git commit --amend --reset-author

 1 file changed, 2 insertions(+), 2 deletions(-)
[master 1e42c03] Commit
 Committer: Haoran Wang <wang2226@data.cs.purdue.edu>
Your name and email address were configured automatically based
on your username and hostname. Please check that they are accurate.
You can suppress this message by setting them explicitly. Run the
following command and follow the instructions in your editor to edit
your configuration file:

    git config --global --edit

After doing this, you may fix the identity used for this commit with:

    git commit --amend --reset-author

 1 file changed, 2 insertions(+), 2 deletions(-)
[master 343aac5] Commit
 Committer: Haoran Wang <wang2226@data.cs.purdue.edu>
Your name and email address were configured automatically based
on your username and hostname. Please check that they are accurate.
You can suppress this message by setting them explicitly. Run the
following command and follow the instructions in your editor to edit
your configuration file:

    git config --global --edit

After doing this, you may fix the identity used for this commit with:

    git commit --amend --reset-author

 1 file changed, 3 insertions(+), 3 deletions(-)
[master 066f1c2] Commit
 Committer: Haoran Wang <wang2226@data.cs.purdue.edu>
Your name and email address were configured automatically based
on your username and hostname. Please check that they are accurate.
You can suppress this message by setting them explicitly. Run the
following command and follow the instructions in your editor to edit
your configuration file:

    git config --global --edit

After doing this, you may fix the identity used for this commit with:

    git commit --amend --reset-author

 1 file changed, 5 insertions(+), 2 deletions(-)
[master d6a42f1] Commit
 Committer: Haoran Wang <wang2226@data.cs.purdue.edu>
Your name and email address were configured automatically based
on your username and hostname. Please check that they are accurate.
You can suppress this message by setting them explicitly. Run the
following command and follow the instructions in your editor to edit
your configuration file:

    git config --global --edit

After doing this, you may fix the identity used for this commit with:

    git commit --amend --reset-author

 2 files changed, 15 deletions(-)
 delete mode 100644 look.txt
 delete mode 100644 total.txt
[master 82dd9fa] Commit
 Committer: Haoran Wang <wang2226@borg14.cs.purdue.edu>
Your name and email address were configured automatically based
on your username and hostname. Please check that they are accurate.
You can suppress this message by setting them explicitly. Run the
following command and follow the instructions in your editor to edit
your configuration file:

    git config --global --edit

After doing this, you may fix the identity used for this commit with:

    git commit --amend --reset-author

 2 files changed, 21 insertions(+), 3 deletions(-)
 create mode 100644 total.txt
[master 851f2e7] Commit
 Committer: Haoran Wang <wang2226@borg14.cs.purdue.edu>
Your name and email address were configured automatically based
on your username and hostname. Please check that they are accurate.
You can suppress this message by setting them explicitly. Run the
following command and follow the instructions in your editor to edit
your configuration file:

    git config --global --edit

After doing this, you may fix the identity used for this commit with:

    git commit --amend --reset-author

 1 file changed, 15 deletions(-)
 delete mode 100644 total.txt
[master 5593568] Commit
 Committer: Haoran Wang <wang2226@borg14.cs.purdue.edu>
Your name and email address were configured automatically based
on your username and hostname. Please check that they are accurate.
You can suppress this message by setting them explicitly. Run the
following command and follow the instructions in your editor to edit
your configuration file:

    git config --global --edit

After doing this, you may fix the identity used for this commit with:

    git commit --amend --reset-author

 2 files changed, 17 insertions(+), 5 deletions(-)
 create mode 100644 total.txt
[master c7fcce3] Commit
 Committer: Haoran Wang <wang2226@borg14.cs.purdue.edu>
Your name and email address were configured automatically based
on your username and hostname. Please check that they are accurate.
You can suppress this message by setting them explicitly. Run the
following command and follow the instructions in your editor to edit
your configuration file:

    git config --global --edit

After doing this, you may fix the identity used for this commit with:

    git commit --amend --reset-author

 1 file changed, 15 deletions(-)
 delete mode 100644 total.txt
[master 441a590] Commit
 Committer: Haoran Wang <wang2226@borg14.cs.purdue.edu>
Your name and email address were configured automatically based
on your username and hostname. Please check that they are accurate.
You can suppress this message by setting them explicitly. Run the
following command and follow the instructions in your editor to edit
your configuration file:

    git config --global --edit

After doing this, you may fix the identity used for this commit with:

    git commit --amend --reset-author

 2 files changed, 23 insertions(+), 3 deletions(-)
 create mode 100644 total.txt
[master c8624f2] Commit
 Committer: Haoran Wang <wang2226@borg14.cs.purdue.edu>
Your name and email address were configured automatically based
on your username and hostname. Please check that they are accurate.
You can suppress this message by setting them explicitly. Run the
following command and follow the instructions in your editor to edit
your configuration file:

    git config --global --edit

After doing this, you may fix the identity used for this commit with:

    git commit --amend --reset-author

 1 file changed, 1 insertion(+), 1 deletion(-)
[master dcc2a36] Commit
 Committer: Haoran Wang <wang2226@borg14.cs.purdue.edu>
Your name and email address were configured automatically based
on your username and hostname. Please check that they are accurate.
You can suppress this message by setting them explicitly. Run the
following command and follow the instructions in your editor to edit
your configuration file:

    git config --global --edit

After doing this, you may fix the identity used for this commit with:

    git commit --amend --reset-author

 1 file changed, 15 deletions(-)
 delete mode 100644 total.txt
[master 98838a4] Commit
 Committer: Haoran Wang <wang2226@borg14.cs.purdue.edu>
Your name and email address were configured automatically based
on your username and hostname. Please check that they are accurate.
You can suppress this message by setting them explicitly. Run the
following command and follow the instructions in your editor to edit
your configuration file:

    git config --global --edit

After doing this, you may fix the identity used for this commit with:

    git commit --amend --reset-author

 2 files changed, 17 insertions(+), 5 deletions(-)
 create mode 100644 total.txt
[master 6e6b7dc] Commit
 Committer: Haoran Wang <wang2226@borg14.cs.purdue.edu>
Your name and email address were configured automatically based
on your username and hostname. Please check that they are accurate.
You can suppress this message by setting them explicitly. Run the
following command and follow the instructions in your editor to edit
your configuration file:

    git config --global --edit

After doing this, you may fix the identity used for this commit with:

    git commit --amend --reset-author

 2 files changed, 1 insertion(+), 13 deletions(-)
 delete mode 100644 total.txt
On branch master
Your branch is up-to-date with 'origin/master'.
Untracked files:
	.MyMalloc.c.swp
	.local.git.out
	.local.total.out
	debugging_log/

nothing added to commit but untracked files present
[master a6c4412] Commit
 Committer: Haoran Wang <wang2226@data.cs.purdue.edu>
Your name and email address were configured automatically based
on your username and hostname. Please check that they are accurate.
You can suppress this message by setting them explicitly. Run the
following command and follow the instructions in your editor to edit
your configuration file:

    git config --global --edit

After doing this, you may fix the identity used for this commit with:

    git commit --amend --reset-author

 1 file changed, 48 insertions(+), 8 deletions(-)
[master 11a69bb] Commit
 Committer: Haoran Wang <wang2226@data.cs.purdue.edu>
Your name and email address were configured automatically based
on your username and hostname. Please check that they are accurate.
You can suppress this message by setting them explicitly. Run the
following command and follow the instructions in your editor to edit
your configuration file:

    git config --global --edit

After doing this, you may fix the identity used for this commit with:

    git commit --amend --reset-author

 1 file changed, 1 insertion(+), 1 deletion(-)
[master 6c9ae36] Commit
 Committer: Haoran Wang <wang2226@data.cs.purdue.edu>
Your name and email address were configured automatically based
on your username and hostname. Please check that they are accurate.
You can suppress this message by setting them explicitly. Run the
following command and follow the instructions in your editor to edit
your configuration file:

    git config --global --edit

After doing this, you may fix the identity used for this commit with:

    git commit --amend --reset-author

 1 file changed, 1 insertion(+), 1 deletion(-)
On branch master
Your branch is up-to-date with 'origin/master'.
Untracked files:
	.MyMalloc.c.swp
	.local.git.out
	.local.total.out
	debugging_log/

nothing added to commit but untracked files present
[master 13b5d99] Commit
 Committer: Haoran Wang <wang2226@data.cs.purdue.edu>
Your name and email address were configured automatically based
on your username and hostname. Please check that they are accurate.
You can suppress this message by setting them explicitly. Run the
following command and follow the instructions in your editor to edit
your configuration file:

    git config --global --edit

After doing this, you may fix the identity used for this commit with:

    git commit --amend --reset-author

 1 file changed, 6 insertions(+), 2 deletions(-)
[master f27cbe7] Commit
 Committer: Haoran Wang <wang2226@data.cs.purdue.edu>
Your name and email address were configured automatically based
on your username and hostname. Please check that they are accurate.
You can suppress this message by setting them explicitly. Run the
following command and follow the instructions in your editor to edit
your configuration file:

    git config --global --edit

After doing this, you may fix the identity used for this commit with:

    git commit --amend --reset-author

 1 file changed, 15 insertions(+)
 create mode 100644 total.txt
On branch master
Your branch is up-to-date with 'origin/master'.
Untracked files:
	.MyMalloc.c.swp
	.local.git.out
	.local.total.out
	MyMalloc.o
	MyMalloc.so
	debugging_log/
	diff.out
	test0
	test0.org.out
	test0.out
	test1
	test1-1
	test1-1.org.out
	test1-1.out
	test1-2
	test1-2.org.out
	test1-2.out
	test1-3
	test1-3.org.out
	test1-3.out
	test1-4
	test1-4.org.out
	test1-4.out
	test1.org.out
	test1.out
	test10
	test10.org.out
	test10.out
	test2
	test2.org.out
	test2.out
	test3
	test3.org.out
	test3.out
	test4
	test4.org.out
	test4.out
	test5
	test5.org.out
	test5.out
	test6
	test6.org.out
	test6.out
	test7
	test7.org.out
	test7.out
	test8
	test8.org.out
	test8.out
	test9
	test9.org.out
	test9.out
	total.out

nothing added to commit but untracked files present
[master 43284e8] Commit
 Committer: Haoran Wang <wang2226@data.cs.purdue.edu>
Your name and email address were configured automatically based
on your username and hostname. Please check that they are accurate.
You can suppress this message by setting them explicitly. Run the
following command and follow the instructions in your editor to edit
your configuration file:

    git config --global --edit

After doing this, you may fix the identity used for this commit with:

    git commit --amend --reset-author

 1 file changed, 15 deletions(-)
 delete mode 100644 total.txt
[master 6908a4d] Commit
 Committer: Haoran Wang <wang2226@data.cs.purdue.edu>
Your name and email address were configured automatically based
on your username and hostname. Please check that they are accurate.
You can suppress this message by setting them explicitly. Run the
following command and follow the instructions in your editor to edit
your configuration file:

    git config --global --edit

After doing this, you may fix the identity used for this commit with:

    git commit --amend --reset-author

 2 files changed, 19 insertions(+)
 create mode 100644 total.txt
[master 0d4cd9f] Commit
 Committer: Haoran Wang <wang2226@data.cs.purdue.edu>
Your name and email address were configured automatically based
on your username and hostname. Please check that they are accurate.
You can suppress this message by setting them explicitly. Run the
following command and follow the instructions in your editor to edit
your configuration file:

    git config --global --edit

After doing this, you may fix the identity used for this commit with:

    git commit --amend --reset-author

 1 file changed, 1 insertion(+), 1 deletion(-)
[master 7b94106] Commit
 Committer: Haoran Wang <wang2226@data.cs.purdue.edu>
Your name and email address were configured automatically based
on your username and hostname. Please check that they are accurate.
You can suppress this message by setting them explicitly. Run the
following command and follow the instructions in your editor to edit
your configuration file:

    git config --global --edit

After doing this, you may fix the identity used for this commit with:

    git commit --amend --reset-author

 1 file changed, 15 deletions(-)
 delete mode 100644 total.txt
On branch master
Your branch is up-to-date with 'origin/master'.
Untracked files:
	.local.git.out
	.local.total.out
	debugging_log/

nothing added to commit but untracked files present
On branch master
Your branch is up-to-date with 'origin/master'.
Untracked files:
	.MyMalloc.c.swp
	.local.git.out
	.local.total.out
	debugging_log/

nothing added to commit but untracked files present
On branch master
Your branch is up-to-date with 'origin/master'.
Untracked files:
	.MyMalloc.c.swp
	.local.git.out
	.local.total.out
	debugging_log/

nothing added to commit but untracked files present
[master 12cfcaf] Commit
 Committer: Haoran Wang <wang2226@data.cs.purdue.edu>
Your name and email address were configured automatically based
on your username and hostname. Please check that they are accurate.
You can suppress this message by setting them explicitly. Run the
following command and follow the instructions in your editor to edit
your configuration file:

    git config --global --edit

After doing this, you may fix the identity used for this commit with:

    git commit --amend --reset-author

 2 files changed, 21 insertions(+), 2 deletions(-)
 create mode 100644 total.txt
[master 219a305] Commit
 Committer: Haoran Wang <wang2226@data.cs.purdue.edu>
Your name and email address were configured automatically based
on your username and hostname. Please check that they are accurate.
You can suppress this message by setting them explicitly. Run the
following command and follow the instructions in your editor to edit
your configuration file:

    git config --global --edit

After doing this, you may fix the identity used for this commit with:

    git commit --amend --reset-author

 1 file changed, 15 deletions(-)
 delete mode 100644 total.txt
On branch master
Your branch is up-to-date with 'origin/master'.
Untracked files:
	.MyMalloc.c.swp
	.local.git.out
	.local.total.out
	debugging_log/

nothing added to commit but untracked files present
On branch master
Your branch is up-to-date with 'origin/master'.
Untracked files:
	.MyMalloc.c.swp
	.local.git.out
	.local.total.out
	debugging_log/

nothing added to commit but untracked files present
On branch master
Your branch is up-to-date with 'origin/master'.
Untracked files:
	.local.git.out
	.local.total.out
	debugging_log/

nothing added to commit but untracked files present
[master ad2dd94] Commit
 Committer: Haoran Wang <wang2226@data.cs.purdue.edu>
Your name and email address were configured automatically based
on your username and hostname. Please check that they are accurate.
You can suppress this message by setting them explicitly. Run the
following command and follow the instructions in your editor to edit
your configuration file:

    git config --global --edit

After doing this, you may fix the identity used for this commit with:

    git commit --amend --reset-author

 1 file changed, 15 insertions(+)
 create mode 100644 total.txt
On branch master
Your branch is up-to-date with 'origin/master'.
Untracked files:
	.local.git.out
	.local.total.out
	MyMalloc.o
	MyMalloc.so
	debugging_log/
	diff.out
	test0
	test0.org.out
	test0.out
	test1
	test1-1
	test1-1.org.out
	test1-1.out
	test1-2
	test1-2.org.out
	test1-2.out
	test1-3
	test1-3.org.out
	test1-3.out
	test1-4
	test1-4.org.out
	test1-4.out
	test1.org.out
	test1.out
	test10
	test10.org.out
	test10.out
	test2
	test2.org.out
	test2.out
	test3
	test3.org.out
	test3.out
	test4
	test4.org.out
	test4.out
	test5
	test5.org.out
	test5.out
	test6
	test6.org.out
	test6.out
	test7
	test7.org.out
	test7.out
	test8
	test8.org.out
	test8.out
	test9
	test9.org.out
	test9.out
	total.out

nothing added to commit but untracked files present
[master 53b6fc9] Commit
 Committer: Haoran Wang <wang2226@data.cs.purdue.edu>
Your name and email address were configured automatically based
on your username and hostname. Please check that they are accurate.
You can suppress this message by setting them explicitly. Run the
following command and follow the instructions in your editor to edit
your configuration file:

    git config --global --edit

After doing this, you may fix the identity used for this commit with:

    git commit --amend --reset-author

 1 file changed, 15 deletions(-)
 delete mode 100644 total.txt
On branch master
Your branch is up-to-date with 'origin/master'.
Untracked files:
	.local.git.out
	.local.total.out
	debugging_log/

nothing added to commit but untracked files present
On branch master
Your branch is up-to-date with 'origin/master'.
Untracked files:
	.local.git.out
	.local.total.out
	debugging_log/

nothing added to commit but untracked files present
On branch master
Your branch is up-to-date with 'origin/master'.
Untracked files:
	.local.git.out
	.local.total.out
	debugging_log/

nothing added to commit but untracked files present
